[2024-05-16 21:11:14] [ INFO ] [BD:34] Tabla creada con exito
[2024-05-16 21:11:14] [ INFO ] [PacienteDAOH2:28] Iniciando la operacion para guardar odontologo
[2024-05-16 21:11:14] [ INFO ] [PacienteDAOH2:36] Odontologo guardado con éxito
[2024-05-16 21:11:14] [ INFO ] [PacienteDAOH2:62] Iniciando la operacion para listar odontologos Map
[2024-05-16 21:11:14] [ INFO ] [DomicilioDAOH2:57] Iniciando la operacion para listar odontologos H2
[2024-05-16 21:11:14] [ INFO ] [DomicilioDAOH2:21] Guardando datos del odontologo H2
[2024-05-16 21:11:14] [ INFO ] [DomicilioDAOH2:32] objeto guardado en la tabla
[2024-05-17 00:33:37] [ INFO ] [BD:34] Tabla creada con exito
[2024-05-17 00:33:37] [ INFO ] [OdontologoDAOMap:28] Iniciando la operacion para guardar odontologo
[2024-05-17 00:33:37] [ INFO ] [OdontologoDAOMap:36] Odontologo guardado con éxito
[2024-05-17 00:33:37] [ INFO ] [OdontologoDAOMap:62] Iniciando la operacion para listar odontologos Map
[2024-05-17 00:33:37] [ INFO ] [OdontologoDAOH2:57] Iniciando la operacion para listar odontologos H2
[2024-05-17 00:33:37] [ INFO ] [OdontologoDAOH2:21] Guardando datos del odontologo H2
[2024-05-17 00:33:37] [ WARN ] [OdontologoDAOH2:35] La cantidad de columnas no coincide
Column count does not match; SQL statement:
INSERT INTO ODONTOLOGOS VALUES(?,?,?) [21002-224]
[2024-05-17 00:34:03] [ INFO ] [BD:34] Tabla creada con exito
[2024-05-17 00:34:03] [ INFO ] [OdontologoDAOMap:28] Iniciando la operacion para guardar odontologo
[2024-05-17 00:34:03] [ INFO ] [OdontologoDAOMap:36] Odontologo guardado con éxito
[2024-05-17 00:34:03] [ INFO ] [OdontologoDAOMap:62] Iniciando la operacion para listar odontologos Map
[2024-05-17 00:34:03] [ INFO ] [OdontologoDAOH2:57] Iniciando la operacion para listar odontologos H2
[2024-05-17 00:34:03] [ INFO ] [OdontologoDAOH2:21] Guardando datos del odontologo H2
[2024-05-17 00:34:03] [ WARN ] [OdontologoDAOH2:35] La cantidad de columnas no coincide
Column count does not match; SQL statement:
INSERT INTO ODONTOLOGOS VALUES(?,?,?) [21002-224]
[2024-05-17 00:37:01] [ INFO ] [BD:43] Tabla creada con exito
[2024-05-17 00:37:01] [ INFO ] [OdontologoDAOMap:28] Iniciando la operacion para guardar odontologo
[2024-05-17 00:37:01] [ INFO ] [OdontologoDAOMap:36] Odontologo guardado con éxito
[2024-05-17 00:37:01] [ INFO ] [OdontologoDAOMap:62] Iniciando la operacion para listar odontologos Map
[2024-05-17 00:37:01] [ INFO ] [OdontologoDAOH2:57] Iniciando la operacion para listar odontologos H2
[2024-05-17 00:37:01] [ INFO ] [OdontologoDAOH2:21] Guardando datos del odontologo H2
[2024-05-17 00:37:01] [ WARN ] [OdontologoDAOH2:35] Error de Sintaxis en sentencia SQL "INSERT INTO ODONTOLOGOS VALUES([*],?,?,?)"; se esperaba "), DEFAULT, INTERSECTS (, NOT, EXISTS, UNIQUE, INTERSECTS"
Syntax error in SQL statement "INSERT INTO ODONTOLOGOS VALUES([*],?,?,?)"; expected "), DEFAULT, INTERSECTS (, NOT, EXISTS, UNIQUE, INTERSECTS"; SQL statement:
INSERT INTO ODONTOLOGOS VALUES(,?,?,?) [42001-224]
[2024-05-17 00:38:27] [ INFO ] [BD:43] Tabla creada con exito
[2024-05-17 00:38:27] [ INFO ] [OdontologoDAOMap:28] Iniciando la operacion para guardar odontologo
[2024-05-17 00:38:27] [ INFO ] [OdontologoDAOMap:36] Odontologo guardado con éxito
[2024-05-17 00:38:27] [ INFO ] [OdontologoDAOMap:62] Iniciando la operacion para listar odontologos Map
[2024-05-17 00:38:27] [ INFO ] [OdontologoDAOH2:57] Iniciando la operacion para listar odontologos H2
[2024-05-17 00:38:27] [ INFO ] [OdontologoDAOH2:21] Guardando datos del odontologo H2
[2024-05-17 00:38:27] [ WARN ] [OdontologoDAOH2:35] La cantidad de columnas no coincide
Column count does not match; SQL statement:
INSERT INTO ODONTOLOGOS VALUES(SELECT NEXT VALUE FOR ODO_SEQ,?,?,?) [21002-224]
[2024-05-17 00:44:31] [ INFO ] [BD:42] Tabla creada con exito
[2024-05-17 00:44:31] [ WARN ] [BD:53] Columna "SQL" no encontrada
Column "SQL" not found; SQL statement:
select "SQL" from information_schema.tables where table_name =
'ODONTOLOGOS' [42122-224]
[2024-05-17 00:44:31] [ INFO ] [OdontologoDAOMap:28] Iniciando la operacion para guardar odontologo
[2024-05-17 00:44:31] [ INFO ] [OdontologoDAOMap:36] Odontologo guardado con éxito
[2024-05-17 00:44:31] [ INFO ] [OdontologoDAOMap:62] Iniciando la operacion para listar odontologos Map
[2024-05-17 00:44:31] [ INFO ] [OdontologoDAOH2:57] Iniciando la operacion para listar odontologos H2
[2024-05-17 00:44:31] [ INFO ] [OdontologoDAOH2:21] Guardando datos del odontologo H2
[2024-05-17 00:44:31] [ WARN ] [OdontologoDAOH2:35] Error de Sintaxis en sentencia SQL "INSERT INTO ODONTOLOGOS VALUES([*],?,?,?)"; se esperaba "), DEFAULT, INTERSECTS (, NOT, EXISTS, UNIQUE, INTERSECTS"
Syntax error in SQL statement "INSERT INTO ODONTOLOGOS VALUES([*],?,?,?)"; expected "), DEFAULT, INTERSECTS (, NOT, EXISTS, UNIQUE, INTERSECTS"; SQL statement:
INSERT INTO ODONTOLOGOS VALUES(,?,?,?) [42001-224]
[2024-05-17 00:45:02] [ INFO ] [BD:42] Tabla creada con exito
[2024-05-17 00:45:02] [ WARN ] [BD:53] Conversión de datos fallida, convirtiendo "CLINICAODONTOLOGICA"
Data conversion error converting "CLINICAODONTOLOGICA" [22018-224]
[2024-05-17 00:45:02] [ INFO ] [OdontologoDAOMap:28] Iniciando la operacion para guardar odontologo
[2024-05-17 00:45:02] [ INFO ] [OdontologoDAOMap:36] Odontologo guardado con éxito
[2024-05-17 00:45:02] [ INFO ] [OdontologoDAOMap:62] Iniciando la operacion para listar odontologos Map
[2024-05-17 00:45:02] [ INFO ] [OdontologoDAOH2:57] Iniciando la operacion para listar odontologos H2
[2024-05-17 00:45:02] [ INFO ] [OdontologoDAOH2:21] Guardando datos del odontologo H2
[2024-05-17 00:45:02] [ WARN ] [OdontologoDAOH2:35] Error de Sintaxis en sentencia SQL "INSERT INTO ODONTOLOGOS VALUES([*],?,?,?)"; se esperaba "), DEFAULT, INTERSECTS (, NOT, EXISTS, UNIQUE, INTERSECTS"
Syntax error in SQL statement "INSERT INTO ODONTOLOGOS VALUES([*],?,?,?)"; expected "), DEFAULT, INTERSECTS (, NOT, EXISTS, UNIQUE, INTERSECTS"; SQL statement:
INSERT INTO ODONTOLOGOS VALUES(,?,?,?) [42001-224]
[2024-05-17 00:45:20] [ INFO ] [BD:42] Tabla creada con exito
[2024-05-17 00:45:20] [ INFO ] [BD:47] CLINICAODONTOLOGICA
[2024-05-17 00:45:20] [ INFO ] [OdontologoDAOMap:28] Iniciando la operacion para guardar odontologo
[2024-05-17 00:45:20] [ INFO ] [OdontologoDAOMap:36] Odontologo guardado con éxito
[2024-05-17 00:45:20] [ INFO ] [OdontologoDAOMap:62] Iniciando la operacion para listar odontologos Map
[2024-05-17 00:45:20] [ INFO ] [OdontologoDAOH2:57] Iniciando la operacion para listar odontologos H2
[2024-05-17 00:45:20] [ INFO ] [OdontologoDAOH2:21] Guardando datos del odontologo H2
[2024-05-17 00:45:20] [ WARN ] [OdontologoDAOH2:35] Error de Sintaxis en sentencia SQL "INSERT INTO ODONTOLOGOS VALUES([*],?,?,?)"; se esperaba "), DEFAULT, INTERSECTS (, NOT, EXISTS, UNIQUE, INTERSECTS"
Syntax error in SQL statement "INSERT INTO ODONTOLOGOS VALUES([*],?,?,?)"; expected "), DEFAULT, INTERSECTS (, NOT, EXISTS, UNIQUE, INTERSECTS"; SQL statement:
INSERT INTO ODONTOLOGOS VALUES(,?,?,?) [42001-224]
[2024-05-17 00:46:18] [ INFO ] [BD:42] Tabla creada con exito
[2024-05-17 00:47:04] [ INFO ] [BD:47] ar0: ARRAY ['CLINICAODONTOLOGICA']
[2024-05-17 00:47:04] [ INFO ] [OdontologoDAOMap:28] Iniciando la operacion para guardar odontologo
[2024-05-17 00:47:04] [ INFO ] [OdontologoDAOMap:36] Odontologo guardado con éxito
[2024-05-17 00:47:04] [ INFO ] [OdontologoDAOMap:62] Iniciando la operacion para listar odontologos Map
[2024-05-17 00:47:04] [ INFO ] [OdontologoDAOH2:57] Iniciando la operacion para listar odontologos H2
[2024-05-17 00:47:04] [ INFO ] [OdontologoDAOH2:21] Guardando datos del odontologo H2
[2024-05-17 00:47:04] [ WARN ] [OdontologoDAOH2:35] Error de Sintaxis en sentencia SQL "INSERT INTO ODONTOLOGOS VALUES([*],?,?,?)"; se esperaba "), DEFAULT, INTERSECTS (, NOT, EXISTS, UNIQUE, INTERSECTS"
Syntax error in SQL statement "INSERT INTO ODONTOLOGOS VALUES([*],?,?,?)"; expected "), DEFAULT, INTERSECTS (, NOT, EXISTS, UNIQUE, INTERSECTS"; SQL statement:
INSERT INTO ODONTOLOGOS VALUES(,?,?,?) [42001-224]
[2024-05-17 00:48:26] [ INFO ] [BD:42] Tabla creada con exito
[2024-05-17 00:48:26] [ INFO ] [BD:47] CLINICAODONTOLOGICA PUBLIC ODONTOLOGOS BASE TABLE YES
[2024-05-17 00:48:26] [ INFO ] [OdontologoDAOMap:28] Iniciando la operacion para guardar odontologo
[2024-05-17 00:48:26] [ INFO ] [OdontologoDAOMap:36] Odontologo guardado con éxito
[2024-05-17 00:48:26] [ INFO ] [OdontologoDAOMap:62] Iniciando la operacion para listar odontologos Map
[2024-05-17 00:48:26] [ INFO ] [OdontologoDAOH2:57] Iniciando la operacion para listar odontologos H2
[2024-05-17 00:48:26] [ INFO ] [OdontologoDAOH2:21] Guardando datos del odontologo H2
[2024-05-17 00:48:26] [ WARN ] [OdontologoDAOH2:35] Error de Sintaxis en sentencia SQL "INSERT INTO ODONTOLOGOS VALUES([*],?,?,?)"; se esperaba "), DEFAULT, INTERSECTS (, NOT, EXISTS, UNIQUE, INTERSECTS"
Syntax error in SQL statement "INSERT INTO ODONTOLOGOS VALUES([*],?,?,?)"; expected "), DEFAULT, INTERSECTS (, NOT, EXISTS, UNIQUE, INTERSECTS"; SQL statement:
INSERT INTO ODONTOLOGOS VALUES(,?,?,?) [42001-224]
[2024-05-17 00:51:30] [ INFO ] [BD:42] Tabla creada con exito
[2024-05-17 00:51:30] [ INFO ] [BD:47] CLINICAODONTOLOGICA
[2024-05-17 00:51:30] [ INFO ] [OdontologoDAOMap:28] Iniciando la operacion para guardar odontologo
[2024-05-17 00:51:30] [ INFO ] [OdontologoDAOMap:36] Odontologo guardado con éxito
[2024-05-17 00:51:30] [ INFO ] [OdontologoDAOMap:62] Iniciando la operacion para listar odontologos Map
[2024-05-17 00:51:30] [ INFO ] [OdontologoDAOH2:57] Iniciando la operacion para listar odontologos H2
[2024-05-17 00:51:30] [ INFO ] [OdontologoDAOH2:21] Guardando datos del odontologo H2
[2024-05-17 00:51:30] [ WARN ] [OdontologoDAOH2:35] Error de Sintaxis en sentencia SQL "INSERT INTO ODONTOLOGOS VALUES([*],?,?,?)"; se esperaba "), DEFAULT, INTERSECTS (, NOT, EXISTS, UNIQUE, INTERSECTS"
Syntax error in SQL statement "INSERT INTO ODONTOLOGOS VALUES([*],?,?,?)"; expected "), DEFAULT, INTERSECTS (, NOT, EXISTS, UNIQUE, INTERSECTS"; SQL statement:
INSERT INTO ODONTOLOGOS VALUES(,?,?,?) [42001-224]
[2024-05-17 00:51:47] [ INFO ] [BD:42] Tabla creada con exito
[2024-05-17 00:52:43] [ INFO ] [BD:47] CLINICAODONTOLOGICA
[2024-05-17 00:52:43] [ INFO ] [OdontologoDAOMap:28] Iniciando la operacion para guardar odontologo
[2024-05-17 00:52:43] [ INFO ] [OdontologoDAOMap:36] Odontologo guardado con éxito
[2024-05-17 00:52:43] [ INFO ] [OdontologoDAOMap:62] Iniciando la operacion para listar odontologos Map
[2024-05-17 00:52:43] [ INFO ] [OdontologoDAOH2:57] Iniciando la operacion para listar odontologos H2
[2024-05-17 00:52:43] [ INFO ] [OdontologoDAOH2:21] Guardando datos del odontologo H2
[2024-05-17 00:52:43] [ WARN ] [OdontologoDAOH2:35] Error de Sintaxis en sentencia SQL "INSERT INTO ODONTOLOGOS VALUES([*],?,?,?)"; se esperaba "), DEFAULT, INTERSECTS (, NOT, EXISTS, UNIQUE, INTERSECTS"
Syntax error in SQL statement "INSERT INTO ODONTOLOGOS VALUES([*],?,?,?)"; expected "), DEFAULT, INTERSECTS (, NOT, EXISTS, UNIQUE, INTERSECTS"; SQL statement:
INSERT INTO ODONTOLOGOS VALUES(,?,?,?) [42001-224]
[2024-05-17 00:52:46] [ INFO ] [BD:42] Tabla creada con exito
[2024-05-17 00:52:46] [ INFO ] [BD:48] CLINICAODONTOLOGICA
[2024-05-17 00:52:46] [ INFO ] [BD:48] PUBLIC
[2024-05-17 00:52:46] [ INFO ] [BD:48] ODO_SEQ
[2024-05-17 00:52:46] [ INFO ] [BD:48] BIGINT
[2024-05-17 00:52:46] [ INFO ] [BD:48] 64
[2024-05-17 00:52:46] [ INFO ] [BD:48] 2
[2024-05-17 00:52:46] [ INFO ] [BD:48] 0
[2024-05-17 00:52:46] [ INFO ] [BD:48] 202700
[2024-05-17 00:52:46] [ INFO ] [BD:48] 1
[2024-05-17 00:52:46] [ INFO ] [BD:48] 999999999
[2024-05-17 00:52:46] [ INFO ] [BD:48] 1
[2024-05-17 00:52:46] [ INFO ] [BD:48] NO
[2024-05-17 00:52:46] [ INFO ] [BD:48] BIGINT
[2024-05-17 00:52:46] [ INFO ] [BD:48] 
[2024-05-17 00:52:46] [ INFO ] [BD:48] 
[2024-05-17 00:52:46] [ INFO ] [BD:48] 202700
[2024-05-17 00:52:46] [ INFO ] [BD:48] 1
[2024-05-17 00:52:46] [ INFO ] [BD:48] 
[2024-05-17 00:52:46] [ INFO ] [OdontologoDAOMap:28] Iniciando la operacion para guardar odontologo
[2024-05-17 00:52:46] [ INFO ] [OdontologoDAOMap:36] Odontologo guardado con éxito
[2024-05-17 00:52:46] [ INFO ] [OdontologoDAOMap:62] Iniciando la operacion para listar odontologos Map
[2024-05-17 00:52:46] [ INFO ] [OdontologoDAOH2:57] Iniciando la operacion para listar odontologos H2
[2024-05-17 00:52:46] [ INFO ] [OdontologoDAOH2:21] Guardando datos del odontologo H2
[2024-05-17 00:52:46] [ WARN ] [OdontologoDAOH2:35] Error de Sintaxis en sentencia SQL "INSERT INTO ODONTOLOGOS VALUES([*],?,?,?)"; se esperaba "), DEFAULT, INTERSECTS (, NOT, EXISTS, UNIQUE, INTERSECTS"
Syntax error in SQL statement "INSERT INTO ODONTOLOGOS VALUES([*],?,?,?)"; expected "), DEFAULT, INTERSECTS (, NOT, EXISTS, UNIQUE, INTERSECTS"; SQL statement:
INSERT INTO ODONTOLOGOS VALUES(,?,?,?) [42001-224]
[2024-05-17 00:53:38] [ INFO ] [BD:42] Tabla creada con exito
[2024-05-17 00:53:38] [ INFO ] [BD:47] CLINICAODONTOLOGICA
[2024-05-17 00:53:38] [ INFO ] [BD:47] PUBLIC
[2024-05-17 00:53:38] [ INFO ] [BD:47] ODO_SEQ
[2024-05-17 00:53:38] [ INFO ] [BD:47] BIGINT
[2024-05-17 00:53:38] [ INFO ] [BD:47] 64
[2024-05-17 00:53:38] [ INFO ] [BD:47] 2
[2024-05-17 00:53:38] [ INFO ] [BD:47] 0
[2024-05-17 00:53:38] [ INFO ] [BD:47] 202700
[2024-05-17 00:53:38] [ INFO ] [BD:47] 1
[2024-05-17 00:53:38] [ INFO ] [BD:47] 999999999
[2024-05-17 00:53:38] [ INFO ] [BD:47] 1
[2024-05-17 00:53:38] [ INFO ] [BD:47] NO
[2024-05-17 00:53:38] [ INFO ] [BD:47] BIGINT
[2024-05-17 00:53:38] [ INFO ] [BD:47] 
[2024-05-17 00:53:38] [ INFO ] [BD:47] 
[2024-05-17 00:53:38] [ INFO ] [BD:47] 202700
[2024-05-17 00:53:38] [ INFO ] [BD:47] 1
[2024-05-17 00:53:38] [ INFO ] [BD:47] 
[2024-05-17 00:53:38] [ INFO ] [OdontologoDAOMap:28] Iniciando la operacion para guardar odontologo
[2024-05-17 00:53:38] [ INFO ] [OdontologoDAOMap:36] Odontologo guardado con éxito
[2024-05-17 00:53:38] [ INFO ] [OdontologoDAOMap:62] Iniciando la operacion para listar odontologos Map
[2024-05-17 00:53:38] [ INFO ] [OdontologoDAOH2:57] Iniciando la operacion para listar odontologos H2
[2024-05-17 00:53:38] [ INFO ] [OdontologoDAOH2:21] Guardando datos del odontologo H2
[2024-05-17 00:53:38] [ WARN ] [OdontologoDAOH2:35] Error de Sintaxis en sentencia SQL "INSERT INTO ODONTOLOGOS VALUES([*],?,?,?)"; se esperaba "), DEFAULT, INTERSECTS (, NOT, EXISTS, UNIQUE, INTERSECTS"
Syntax error in SQL statement "INSERT INTO ODONTOLOGOS VALUES([*],?,?,?)"; expected "), DEFAULT, INTERSECTS (, NOT, EXISTS, UNIQUE, INTERSECTS"; SQL statement:
INSERT INTO ODONTOLOGOS VALUES(,?,?,?) [42001-224]
[2024-05-17 00:54:58] [ INFO ] [BD:42] Tabla creada con exito
[2024-05-17 00:54:58] [ INFO ] [OdontologoDAOMap:28] Iniciando la operacion para guardar odontologo
[2024-05-17 00:54:58] [ INFO ] [OdontologoDAOMap:36] Odontologo guardado con éxito
[2024-05-17 00:54:58] [ INFO ] [OdontologoDAOMap:62] Iniciando la operacion para listar odontologos Map
[2024-05-17 00:54:58] [ INFO ] [OdontologoDAOH2:57] Iniciando la operacion para listar odontologos H2
[2024-05-17 00:54:58] [ INFO ] [OdontologoDAOH2:21] Guardando datos del odontologo H2
[2024-05-17 00:54:58] [ WARN ] [OdontologoDAOH2:35] Error de Sintaxis en sentencia SQL "INSERT INTO ODONTOLOGOS VALUES([*],?,?,?)"; se esperaba "), DEFAULT, INTERSECTS (, NOT, EXISTS, UNIQUE, INTERSECTS"
Syntax error in SQL statement "INSERT INTO ODONTOLOGOS VALUES([*],?,?,?)"; expected "), DEFAULT, INTERSECTS (, NOT, EXISTS, UNIQUE, INTERSECTS"; SQL statement:
INSERT INTO ODONTOLOGOS VALUES(,?,?,?) [42001-224]
[2024-05-17 00:55:58] [ WARN ] [BD:56] Error de Sintaxis en sentencia SQL "CREATE TABLE ODONTOLOGOS (ID INT AUTO_INCREMENT, CEDULA INT NOT NULL, NOMBRE VARCHAR(100) NOT NULL, APELLIDO VARCHAR(100) NOT NULL, [*],\000a    PRIMARY KEY (ID))"; se esperaba "identifier"
Syntax error in SQL statement "CREATE TABLE ODONTOLOGOS (ID INT AUTO_INCREMENT, CEDULA INT NOT NULL, NOMBRE VARCHAR(100) NOT NULL, APELLIDO VARCHAR(100) NOT NULL, [*],\000a    PRIMARY KEY (ID))"; expected "identifier"; SQL statement:
CREATE TABLE ODONTOLOGOS (ID INT AUTO_INCREMENT, CEDULA INT NOT NULL, NOMBRE VARCHAR(100) NOT NULL, APELLIDO VARCHAR(100) NOT NULL, ,
    PRIMARY KEY (ID)) [42001-224]
[2024-05-17 00:55:58] [ INFO ] [OdontologoDAOMap:28] Iniciando la operacion para guardar odontologo
[2024-05-17 00:55:58] [ INFO ] [OdontologoDAOMap:36] Odontologo guardado con éxito
[2024-05-17 00:55:58] [ INFO ] [OdontologoDAOMap:62] Iniciando la operacion para listar odontologos Map
[2024-05-17 00:55:58] [ INFO ] [OdontologoDAOH2:57] Iniciando la operacion para listar odontologos H2
[2024-05-17 00:55:58] [ ERROR] [OdontologoDAOH2:71] Tabla "ODONTOLOGOS" no encontrada
Table "ODONTOLOGOS" not found; SQL statement:
SELECT * FROM ODONTOLOGOS [42102-224]
[2024-05-17 00:55:58] [ INFO ] [OdontologoDAOH2:21] Guardando datos del odontologo H2
[2024-05-17 00:55:58] [ WARN ] [OdontologoDAOH2:35] Tabla "ODONTOLOGOS" no encontrada
Table "ODONTOLOGOS" not found; SQL statement:
INSERT INTO ODONTOLOGOS VALUES(,?,?,?) [42102-224]
[2024-05-17 00:56:20] [ INFO ] [BD:43] Tabla creada con exito
[2024-05-17 00:56:20] [ INFO ] [OdontologoDAOMap:28] Iniciando la operacion para guardar odontologo
[2024-05-17 00:56:20] [ INFO ] [OdontologoDAOMap:36] Odontologo guardado con éxito
[2024-05-17 00:56:20] [ INFO ] [OdontologoDAOMap:62] Iniciando la operacion para listar odontologos Map
[2024-05-17 00:56:20] [ INFO ] [OdontologoDAOH2:57] Iniciando la operacion para listar odontologos H2
[2024-05-17 00:56:20] [ INFO ] [OdontologoDAOH2:21] Guardando datos del odontologo H2
[2024-05-17 00:56:20] [ WARN ] [OdontologoDAOH2:35] Error de Sintaxis en sentencia SQL "INSERT INTO ODONTOLOGOS VALUES([*],?,?,?)"; se esperaba "), DEFAULT, INTERSECTS (, NOT, EXISTS, UNIQUE, INTERSECTS"
Syntax error in SQL statement "INSERT INTO ODONTOLOGOS VALUES([*],?,?,?)"; expected "), DEFAULT, INTERSECTS (, NOT, EXISTS, UNIQUE, INTERSECTS"; SQL statement:
INSERT INTO ODONTOLOGOS VALUES(,?,?,?) [42001-224]
[2024-05-17 00:57:31] [ INFO ] [BD:42] Tabla creada con exito
[2024-05-17 00:57:31] [ INFO ] [OdontologoDAOMap:28] Iniciando la operacion para guardar odontologo
[2024-05-17 00:57:31] [ INFO ] [OdontologoDAOMap:36] Odontologo guardado con éxito
[2024-05-17 00:57:31] [ INFO ] [OdontologoDAOMap:62] Iniciando la operacion para listar odontologos Map
[2024-05-17 00:57:31] [ INFO ] [OdontologoDAOH2:57] Iniciando la operacion para listar odontologos H2
[2024-05-17 00:57:31] [ INFO ] [OdontologoDAOH2:21] Guardando datos del odontologo H2
[2024-05-17 00:57:31] [ WARN ] [OdontologoDAOH2:35] Sequence "ODO_SEQ" no encontrado
Sequence "ODO_SEQ" not found; SQL statement:
INSERT INTO ODONTOLOGOS VALUES(NEXT VALUE FOR ODO_SEQ,?,?,?) [90036-224]
[2024-05-17 00:57:51] [ INFO ] [BD:42] Tabla creada con exito
[2024-05-17 00:57:51] [ INFO ] [BD:47] CLINICAODONTOLOGICA
[2024-05-17 00:57:51] [ INFO ] [BD:47] PUBLIC
[2024-05-17 00:57:51] [ INFO ] [BD:47] ODO_SEQ
[2024-05-17 00:57:51] [ INFO ] [BD:47] BIGINT
[2024-05-17 00:57:51] [ INFO ] [BD:47] 64
[2024-05-17 00:57:51] [ INFO ] [BD:47] 2
[2024-05-17 00:57:51] [ INFO ] [BD:47] 0
[2024-05-17 00:57:51] [ INFO ] [BD:47] 202700
[2024-05-17 00:57:51] [ INFO ] [BD:47] 1
[2024-05-17 00:57:51] [ INFO ] [BD:47] 999999999
[2024-05-17 00:57:51] [ INFO ] [BD:47] 1
[2024-05-17 00:57:51] [ INFO ] [BD:47] NO
[2024-05-17 00:57:51] [ INFO ] [BD:47] BIGINT
[2024-05-17 00:57:51] [ INFO ] [BD:47] 
[2024-05-17 00:57:51] [ INFO ] [BD:47] 
[2024-05-17 00:57:51] [ INFO ] [BD:47] 202700
[2024-05-17 00:57:51] [ INFO ] [BD:47] 1
[2024-05-17 00:57:51] [ INFO ] [BD:47] 
[2024-05-17 00:57:51] [ INFO ] [OdontologoDAOMap:28] Iniciando la operacion para guardar odontologo
[2024-05-17 00:57:51] [ INFO ] [OdontologoDAOMap:36] Odontologo guardado con éxito
[2024-05-17 00:57:51] [ INFO ] [OdontologoDAOMap:62] Iniciando la operacion para listar odontologos Map
[2024-05-17 00:57:51] [ INFO ] [OdontologoDAOH2:57] Iniciando la operacion para listar odontologos H2
[2024-05-17 00:57:51] [ INFO ] [OdontologoDAOH2:21] Guardando datos del odontologo H2
[2024-05-17 00:57:51] [ INFO ] [OdontologoDAOH2:32] objeto guardado en la tabla
[2024-05-17 00:59:47] [ INFO ] [OdontologoDAOMap:28] Iniciando la operacion para guardar odontologo
[2024-05-17 00:59:47] [ INFO ] [OdontologoDAOMap:36] Odontologo guardado con éxito
[2024-05-17 00:59:47] [ INFO ] [OdontologoDAOMap:62] Iniciando la operacion para listar odontologos Map
[2024-05-17 00:59:47] [ INFO ] [OdontologoDAOH2:57] Iniciando la operacion para listar odontologos H2
[2024-05-17 00:59:47] [ INFO ] [OdontologoDAOH2:21] Guardando datos del odontologo H2
[2024-05-17 00:59:47] [ INFO ] [OdontologoDAOH2:32] objeto guardado en la tabla
